Determining if the pthread_create exist failed with the following output:
Change Dir: /home/jetson/develop/Pansamic-CV-main/RGB_point_drawing/build2/CMakeFiles/CMakeTmp

Run Build Command:"/usr/bin/make" "cmTC_9415e/fast"
/usr/bin/make -f CMakeFiles/cmTC_9415e.dir/build.make CMakeFiles/cmTC_9415e.dir/build
make[1]: Entering directory '/home/jetson/develop/Pansamic-CV-main/RGB_point_drawing/build2/CMakeFiles/CMakeTmp'
Building C object CMakeFiles/cmTC_9415e.dir/CheckSymbolExists.c.o
/usr/bin/cc   -fPIC    -o CMakeFiles/cmTC_9415e.dir/CheckSymbolExists.c.o   -c /home/jetson/develop/Pansamic-CV-main/RGB_point_drawing/build2/CMakeFiles/CMakeTmp/CheckSymbolExists.c
Linking C executable cmTC_9415e
/usr/bin/cmake -E cmake_link_script CMakeFiles/cmTC_9415e.dir/link.txt --verbose=1
/usr/bin/cc -fPIC     CMakeFiles/cmTC_9415e.dir/CheckSymbolExists.c.o  -o cmTC_9415e 
CMakeFiles/cmTC_9415e.dir/CheckSymbolExists.c.o: In function `main':
CheckSymbolExists.c:(.text+0x14): undefined reference to `pthread_create'
CheckSymbolExists.c:(.text+0x18): undefined reference to `pthread_create'
collect2: error: ld returned 1 exit status
CMakeFiles/cmTC_9415e.dir/build.make:97: recipe for target 'cmTC_9415e' failed
make[1]: *** [cmTC_9415e] Error 1
make[1]: Leaving directory '/home/jetson/develop/Pansamic-CV-main/RGB_point_drawing/build2/CMakeFiles/CMakeTmp'
Makefile:126: recipe for target 'cmTC_9415e/fast' failed
make: *** [cmTC_9415e/fast] Error 2

File /home/jetson/develop/Pansamic-CV-main/RGB_point_drawing/build2/CMakeFiles/CMakeTmp/CheckSymbolExists.c:
/* */
#include <pthread.h>

int main(int argc, char** argv)
{
  (void)argv;
#ifndef pthread_create
  return ((int*)(&pthread_create))[argc];
#else
  (void)argc;
  return 0;
#endif
}

Determining if the function pthread_create exists in the pthreads failed with the following output:
Change Dir: /home/jetson/develop/Pansamic-CV-main/RGB_point_drawing/build2/CMakeFiles/CMakeTmp

Run Build Command:"/usr/bin/make" "cmTC_221d8/fast"
/usr/bin/make -f CMakeFiles/cmTC_221d8.dir/build.make CMakeFiles/cmTC_221d8.dir/build
make[1]: Entering directory '/home/jetson/develop/Pansamic-CV-main/RGB_point_drawing/build2/CMakeFiles/CMakeTmp'
Building C object CMakeFiles/cmTC_221d8.dir/CheckFunctionExists.c.o
/usr/bin/cc   -fPIC -DCHECK_FUNCTION_EXISTS=pthread_create   -o CMakeFiles/cmTC_221d8.dir/CheckFunctionExists.c.o   -c /usr/share/cmake-3.10/Modules/CheckFunctionExists.c
Linking C executable cmTC_221d8
/usr/bin/cmake -E cmake_link_script CMakeFiles/cmTC_221d8.dir/link.txt --verbose=1
/usr/bin/cc -fPIC -DCHECK_FUNCTION_EXISTS=pthread_create    CMakeFiles/cmTC_221d8.dir/CheckFunctionExists.c.o  -o cmTC_221d8 -lpthreads 
/usr/bin/ld: cannot find -lpthreads
collect2: error: ld returned 1 exit status
CMakeFiles/cmTC_221d8.dir/build.make:97: recipe for target 'cmTC_221d8' failed
make[1]: *** [cmTC_221d8] Error 1
make[1]: Leaving directory '/home/jetson/develop/Pansamic-CV-main/RGB_point_drawing/build2/CMakeFiles/CMakeTmp'
Makefile:126: recipe for target 'cmTC_221d8/fast' failed
make: *** [cmTC_221d8/fast] Error 2


