Determining if the pthread_create exist failed with the following output:
Change Dir: /home/jetson/develop/smart-car/LaserTraking_CV/RGB_point_drawing/build3/CMakeFiles/CMakeTmp

Run Build Command:"/usr/bin/make" "cmTC_9ce29/fast"
/usr/bin/make -f CMakeFiles/cmTC_9ce29.dir/build.make CMakeFiles/cmTC_9ce29.dir/build
make[1]: Entering directory '/home/jetson/develop/smart-car/LaserTraking_CV/RGB_point_drawing/build3/CMakeFiles/CMakeTmp'
Building C object CMakeFiles/cmTC_9ce29.dir/CheckSymbolExists.c.o
/usr/bin/cc   -fPIC    -o CMakeFiles/cmTC_9ce29.dir/CheckSymbolExists.c.o   -c /home/jetson/develop/smart-car/LaserTraking_CV/RGB_point_drawing/build3/CMakeFiles/CMakeTmp/CheckSymbolExists.c
Linking C executable cmTC_9ce29
/usr/bin/cmake -E cmake_link_script CMakeFiles/cmTC_9ce29.dir/link.txt --verbose=1
/usr/bin/cc -fPIC     CMakeFiles/cmTC_9ce29.dir/CheckSymbolExists.c.o  -o cmTC_9ce29 
CMakeFiles/cmTC_9ce29.dir/CheckSymbolExists.c.o: In function `main':
CheckSymbolExists.c:(.text+0x14): undefined reference to `pthread_create'
CheckSymbolExists.c:(.text+0x18): undefined reference to `pthread_create'
collect2: error: ld returned 1 exit status
CMakeFiles/cmTC_9ce29.dir/build.make:97: recipe for target 'cmTC_9ce29' failed
make[1]: *** [cmTC_9ce29] Error 1
make[1]: Leaving directory '/home/jetson/develop/smart-car/LaserTraking_CV/RGB_point_drawing/build3/CMakeFiles/CMakeTmp'
Makefile:126: recipe for target 'cmTC_9ce29/fast' failed
make: *** [cmTC_9ce29/fast] Error 2

File /home/jetson/develop/smart-car/LaserTraking_CV/RGB_point_drawing/build3/CMakeFiles/CMakeTmp/CheckSymbolExists.c:
/* */
#include <pthread.h>

int main(int argc, char** argv)
{
  (void)argv;
#ifndef pthread_create
  return ((int*)(&pthread_create))[argc];
#else
  (void)argc;
  return 0;
#endif
}

Determining if the function pthread_create exists in the pthreads failed with the following output:
Change Dir: /home/jetson/develop/smart-car/LaserTraking_CV/RGB_point_drawing/build3/CMakeFiles/CMakeTmp

Run Build Command:"/usr/bin/make" "cmTC_b9c41/fast"
/usr/bin/make -f CMakeFiles/cmTC_b9c41.dir/build.make CMakeFiles/cmTC_b9c41.dir/build
make[1]: Entering directory '/home/jetson/develop/smart-car/LaserTraking_CV/RGB_point_drawing/build3/CMakeFiles/CMakeTmp'
Building C object CMakeFiles/cmTC_b9c41.dir/CheckFunctionExists.c.o
/usr/bin/cc   -fPIC -DCHECK_FUNCTION_EXISTS=pthread_create   -o CMakeFiles/cmTC_b9c41.dir/CheckFunctionExists.c.o   -c /usr/share/cmake-3.10/Modules/CheckFunctionExists.c
Linking C executable cmTC_b9c41
/usr/bin/cmake -E cmake_link_script CMakeFiles/cmTC_b9c41.dir/link.txt --verbose=1
/usr/bin/cc -fPIC -DCHECK_FUNCTION_EXISTS=pthread_create    CMakeFiles/cmTC_b9c41.dir/CheckFunctionExists.c.o  -o cmTC_b9c41 -lpthreads 
/usr/bin/ld: cannot find -lpthreads
collect2: error: ld returned 1 exit status
CMakeFiles/cmTC_b9c41.dir/build.make:97: recipe for target 'cmTC_b9c41' failed
make[1]: *** [cmTC_b9c41] Error 1
make[1]: Leaving directory '/home/jetson/develop/smart-car/LaserTraking_CV/RGB_point_drawing/build3/CMakeFiles/CMakeTmp'
Makefile:126: recipe for target 'cmTC_b9c41/fast' failed
make: *** [cmTC_b9c41/fast] Error 2


