Determining if the pthread_create exist failed with the following output:
Change Dir: /home/jetson/develop/Pansamic-CV-main/point_tracking/build1/CMakeFiles/CMakeTmp

Run Build Command:"/usr/bin/make" "cmTC_59b15/fast"
/usr/bin/make -f CMakeFiles/cmTC_59b15.dir/build.make CMakeFiles/cmTC_59b15.dir/build
make[1]: Entering directory '/home/jetson/develop/Pansamic-CV-main/point_tracking/build1/CMakeFiles/CMakeTmp'
Building C object CMakeFiles/cmTC_59b15.dir/CheckSymbolExists.c.o
/usr/bin/cc   -fPIC    -o CMakeFiles/cmTC_59b15.dir/CheckSymbolExists.c.o   -c /home/jetson/develop/Pansamic-CV-main/point_tracking/build1/CMakeFiles/CMakeTmp/CheckSymbolExists.c
Linking C executable cmTC_59b15
/usr/bin/cmake -E cmake_link_script CMakeFiles/cmTC_59b15.dir/link.txt --verbose=1
/usr/bin/cc -fPIC     CMakeFiles/cmTC_59b15.dir/CheckSymbolExists.c.o  -o cmTC_59b15 
CMakeFiles/cmTC_59b15.dir/CheckSymbolExists.c.o: In function `main':
CheckSymbolExists.c:(.text+0x14): undefined reference to `pthread_create'
CheckSymbolExists.c:(.text+0x18): undefined reference to `pthread_create'
collect2: error: ld returned 1 exit status
CMakeFiles/cmTC_59b15.dir/build.make:97: recipe for target 'cmTC_59b15' failed
make[1]: *** [cmTC_59b15] Error 1
make[1]: Leaving directory '/home/jetson/develop/Pansamic-CV-main/point_tracking/build1/CMakeFiles/CMakeTmp'
Makefile:126: recipe for target 'cmTC_59b15/fast' failed
make: *** [cmTC_59b15/fast] Error 2

File /home/jetson/develop/Pansamic-CV-main/point_tracking/build1/CMakeFiles/CMakeTmp/CheckSymbolExists.c:
/* */
#include <pthread.h>

int main(int argc, char** argv)
{
  (void)argv;
#ifndef pthread_create
  return ((int*)(&pthread_create))[argc];
#else
  (void)argc;
  return 0;
#endif
}

Determining if the function pthread_create exists in the pthreads failed with the following output:
Change Dir: /home/jetson/develop/Pansamic-CV-main/point_tracking/build1/CMakeFiles/CMakeTmp

Run Build Command:"/usr/bin/make" "cmTC_1a965/fast"
/usr/bin/make -f CMakeFiles/cmTC_1a965.dir/build.make CMakeFiles/cmTC_1a965.dir/build
make[1]: Entering directory '/home/jetson/develop/Pansamic-CV-main/point_tracking/build1/CMakeFiles/CMakeTmp'
Building C object CMakeFiles/cmTC_1a965.dir/CheckFunctionExists.c.o
/usr/bin/cc   -fPIC -DCHECK_FUNCTION_EXISTS=pthread_create   -o CMakeFiles/cmTC_1a965.dir/CheckFunctionExists.c.o   -c /usr/share/cmake-3.10/Modules/CheckFunctionExists.c
Linking C executable cmTC_1a965
/usr/bin/cmake -E cmake_link_script CMakeFiles/cmTC_1a965.dir/link.txt --verbose=1
/usr/bin/cc -fPIC -DCHECK_FUNCTION_EXISTS=pthread_create    CMakeFiles/cmTC_1a965.dir/CheckFunctionExists.c.o  -o cmTC_1a965 -lpthreads 
/usr/bin/ld: cannot find -lpthreads
collect2: error: ld returned 1 exit status
CMakeFiles/cmTC_1a965.dir/build.make:97: recipe for target 'cmTC_1a965' failed
make[1]: *** [cmTC_1a965] Error 1
make[1]: Leaving directory '/home/jetson/develop/Pansamic-CV-main/point_tracking/build1/CMakeFiles/CMakeTmp'
Makefile:126: recipe for target 'cmTC_1a965/fast' failed
make: *** [cmTC_1a965/fast] Error 2


